<?xml version="1.0" encoding="UTF-8"?>
<testsuite xmlns:xsi="http://www.w3.org/2001/XMLSchema-instance" xsi:noNamespaceSchemaLocation="https://maven.apache.org/surefire/maven-surefire-plugin/xsd/surefire-test-report-3.0.xsd" version="3.0" name="TestSuite" time="12.83" tests="3" errors="0" skipped="0" failures="0">
  <properties>
[...]
</properties>
  <testcase name="loginAsAdmin" classname="com.orangehrm.testcases.LoginTest" time="1.689"/>
  <testcase name="addEmployee" classname="com.orangehrm.testcases.PIMAddEmployeeTest" time="2.88"/>
  <testcase name="editEmployee" classname="com.orangehrm.testcases.PIMEditEmployeeTest" time="1.697"/>
</testsuite>